#set( $symbol_pound = '#' )
#set( $symbol_dollar = '$' )
#set( $symbol_escape = '\' )
<?xml version="1.0" encoding="UTF-8"?>
<!-- Generated by org.testng.reporters.JUnitReportReporter -->
<testsuite skipped="0" hostname="ATMECSINLT-033" name="${package}.scripts.TestScript" tests="1" failures="0" timestamp="06 Nov 2019 07:31:09 GMT" time="0.026" errors="0">
  <testcase name="test" time="0.026" classname="${package}.scripts.TestScript"/>
</testsuite> <!-- ${package}.scripts.TestScript -->
