<?xml version="1.0" encoding="UTF-8"?>
<!-- Generated by org.testng.reporters.JUnitReportReporter -->
<testsuite skipped="0" hostname="ATMECSINLT-033" name="com.atmecs.scripts.TutorialsNinjaScript" tests="5" failures="0" timestamp="14 Nov 2019 06:05:35 GMT" time="21.222" errors="0">
  <testcase name="homePageLandingValidation" time="0.078" classname="com.atmecs.scripts.TutorialsNinjaScript"/>
  <testcase name="pageflowValidations" time="7.737" classname="com.atmecs.scripts.TutorialsNinjaScript"/>
  <testcase name="pageflowValidations" time="5.236" classname="com.atmecs.scripts.TutorialsNinjaScript"/>
  <testcase name="cartflowValidations" time="7.186" classname="com.atmecs.scripts.TutorialsNinjaScript"/>
  <testcase name="negativeDataValidation" time="0.985" classname="com.atmecs.scripts.TutorialsNinjaScript"/>
</testsuite> <!-- com.atmecs.scripts.TutorialsNinjaScript -->
