<?xml version="1.0" encoding="UTF-8"?>
<!-- Generated by org.testng.reporters.JUnitReportReporter -->
<testsuite skipped="0" hostname="ATMECSINLT-033" name="com.atmecs.scripts.HeatClinic" tests="6" failures="0" timestamp="14 Nov 2019 06:05:35 GMT" time="25.332" errors="0">
  <testcase name="menuClick" time="3.700" classname="com.atmecs.scripts.HeatClinic"/>
  <testcase name="menuClick" time="4.532" classname="com.atmecs.scripts.HeatClinic"/>
  <testcase name="menuClick" time="3.600" classname="com.atmecs.scripts.HeatClinic"/>
  <testcase name="menuClick" time="4.286" classname="com.atmecs.scripts.HeatClinic"/>
  <testcase name="menuClick" time="3.512" classname="com.atmecs.scripts.HeatClinic"/>
  <testcase name="menuTravelTest" time="5.702" classname="com.atmecs.scripts.HeatClinic"/>
</testsuite> <!-- com.atmecs.scripts.HeatClinic -->
