<?xml version="1.0" encoding="UTF-8"?>
<!-- Generated by org.testng.reporters.JUnitReportReporter -->
<testsuite skipped="0" hostname="ATMECSINLT-033" name="com.atmecs.scripts.HeatClinic" tests="6" failures="0" timestamp="14 Nov 2019 06:08:58 GMT" time="25.064" errors="0">
  <testcase name="menuClick" time="3.534" classname="com.atmecs.scripts.HeatClinic"/>
  <testcase name="menuClick" time="3.699" classname="com.atmecs.scripts.HeatClinic"/>
  <testcase name="menuClick" time="4.124" classname="com.atmecs.scripts.HeatClinic"/>
  <testcase name="menuClick" time="3.464" classname="com.atmecs.scripts.HeatClinic"/>
  <testcase name="menuClick" time="4.636" classname="com.atmecs.scripts.HeatClinic"/>
  <testcase name="menuTravelTest" time="5.607" classname="com.atmecs.scripts.HeatClinic"/>
</testsuite> <!-- com.atmecs.scripts.HeatClinic -->
