<?xml version="1.0" encoding="UTF-8"?>
<!-- Generated by org.testng.reporters.JUnitReportReporter -->
<testsuite skipped="0" hostname="ATMECSINLT-033" name="com.atmecs.scripts.TutorialsNinjaScript" tests="5" failures="0" timestamp="14 Nov 2019 06:08:58 GMT" time="23.610" errors="0">
  <testcase name="homePageLandingValidation" time="0.106" classname="com.atmecs.scripts.TutorialsNinjaScript"/>
  <testcase name="pageflowValidations" time="6.049" classname="com.atmecs.scripts.TutorialsNinjaScript"/>
  <testcase name="pageflowValidations" time="9.065" classname="com.atmecs.scripts.TutorialsNinjaScript"/>
  <testcase name="cartflowValidations" time="7.452" classname="com.atmecs.scripts.TutorialsNinjaScript"/>
  <testcase name="negativeDataValidation" time="0.938" classname="com.atmecs.scripts.TutorialsNinjaScript"/>
</testsuite> <!-- com.atmecs.scripts.TutorialsNinjaScript -->
